01:44:39,894 ERROR RegistrationDaoOperation,main:273 - 1054
01:44:39,896 ERROR RegistrationDaoOperation,main:274 - Unknown column 'courseFee' in 'field list'
01:45:41,976 ERROR RegistrationDaoOperation,main:273 - 1054
01:45:41,977 ERROR RegistrationDaoOperation,main:274 - Unknown column 'courseFee' in 'field list'
11:39:41,541 ERROR AdminDaoOperation,main:171 - No operations allowed after connection closed.
11:51:13,550 ERROR AdminDaoOperation,main:171 - No operations allowed after connection closed.
11:56:29,583 ERROR UserDaoOperation,main:186 - Illegal operation on empty result set.
11:56:29,601 ERROR UserDaoOperation,main:186 - Illegal operation on empty result set.
11:56:29,618 ERROR UserDaoOperation,main:186 - Illegal operation on empty result set.
11:58:07,436 ERROR AdminDaoOperation,main:414 - No operations allowed after connection closed.
11:58:07,437 ERROR AdminDaoOperation,main:372 - No operations allowed after connection closed.
12:11:39,504 ERROR UserDaoOperation,main:186 - Illegal operation on empty result set.
12:12:13,934 ERROR AdminDaoOperation,main:457 - No operations allowed after connection closed.
13:05:57,848 ERROR AdminDaoOperation,main:431 - No operations allowed after connection closed.
13:06:55,351 ERROR AdminDaoOperation,main:172 - No operations allowed after connection closed.
13:09:32,321 ERROR UserDaoOperation,main:186 - Illegal operation on empty result set.
13:09:32,357 ERROR UserDaoOperation,main:186 - Illegal operation on empty result set.
13:09:52,137 ERROR AdminDaoOperation,main:431 - No operations allowed after connection closed.
13:36:29,247 ERROR UserDaoOperation,main:186 - Illegal operation on empty result set.
13:39:32,397 ERROR UserDaoOperation,main:186 - Illegal operation on empty result set.
13:44:43,818 ERROR AdminDaoOperation,main:431 - No operations allowed after connection closed.
14:17:52,515 ERROR AdminDaoOperation,main:132 - Cannot add or update a child row: a foreign key constraint fails (`crsdatabase`.`course`, CONSTRAINT `course_prof_id` FOREIGN KEY (`professorId`) REFERENCES `professor` (`professorId`))
14:29:51,932 ERROR AdminDaoOperation,main:172 - No operations allowed after connection closed.
14:30:12,050 ERROR AdminDaoOperation,main:172 - No operations allowed after connection closed.
14:38:23,577 ERROR AdminDaoOperation,main:172 - No operations allowed after connection closed.
14:45:02,039 ERROR AdminDaoOperation,main:246 - No operations allowed after connection closed.
14:45:02,046 ERROR AdminDaoOperation,main:273 - userId: p2 is already in use.
14:50:09,537 ERROR AdminDaoOperation,main:172 - No operations allowed after connection closed.
15:04:45,236 ERROR AdminDaoOperation,main:373 - No operations allowed after connection closed.
15:15:46,367 ERROR UserDaoOperation,main:148 - Unknown column 'GradeConstant' in 'field list'
12:57:23,797 ERROR AdminDaoOperation,main:374 - No operations allowed after connection closed.
13:07:00,610 ERROR AdminDaoOperation,main:172 - No operations allowed after connection closed.
13:07:08,600 ERROR AdminDaoOperation,main:172 - No operations allowed after connection closed.
13:07:38,446 ERROR AdminDaoOperation,main:172 - No operations allowed after connection closed.
15:26:26,472 ERROR AdminDaoOperation,main:374 - No operations allowed after connection closed.
15:26:50,009 ERROR AdminDaoOperation,main:172 - No operations allowed after connection closed.
15:26:57,133 ERROR AdminDaoOperation,main:416 - No operations allowed after connection closed.
15:26:57,134 ERROR AdminDaoOperation,main:374 - No operations allowed after connection closed.
15:27:05,277 ERROR AdminDaoOperation,main:336 - No operations allowed after connection closed.
15:33:30,694 ERROR AdminDaoOperation,main:374 - No operations allowed after connection closed.
15:40:53,135 ERROR AdminDaoOperation,main:374 - No operations allowed after connection closed.
15:50:53,020 ERROR AdminDaoOperation,main:382 - No operations allowed after connection closed.
16:30:49,125 ERROR AdminDaoOperation,main:179 - No operations allowed after connection closed.
16:32:03,023 ERROR AdminDaoOperation,main:179 - No operations allowed after connection closed.
16:32:09,292 ERROR AdminDaoOperation,main:179 - No operations allowed after connection closed.
16:32:19,899 ERROR AdminDaoOperation,main:179 - No operations allowed after connection closed.
08:45:24,799 ERROR AdminDaoOperation,main:100 - Cannot delete or update a parent row: a foreign key constraint fails (`crsdatabase`.`registeredcourse`, CONSTRAINT `reg_course_course_code` FOREIGN KEY (`courseCode`) REFERENCES `course` (`courseCode`))
